
Gurobi 8.1.1 (win64, Python) logging started 10/10/19 14:58:33

Academic license - for non-commercial use only
Optimize a model with 5 rows, 50 columns and 50 nonzeros
Coefficient statistics:
  Matrix range     [1e-01, 2e+01]
  Objective range  [8e-02, 2e+00]
  Bounds range     [1e+00, 2e+01]
  RHS range        [1e+01, 3e+01]
Presolve removed 0 rows and 27 columns
Presolve time: 0.01s

Solved in 0 iterations and 0.01 seconds
Infeasible model

Gurobi 8.1.1 (win64, Python) logging started 10/10/19 14:58:56

Academic license - for non-commercial use only
Optimize a model with 5 rows, 50 columns and 50 nonzeros
Coefficient statistics:
  Matrix range     [2e-01, 1e+01]
  Objective range  [4e-02, 4e+00]
  Bounds range     [1e+00, 2e+01]
  RHS range        [1e+00, 3e+01]
Presolve removed 0 rows and 25 columns
Presolve time: 0.00s

Solved in 0 iterations and 0.00 seconds
Infeasible model

Gurobi 8.1.1 (win64, Python) logging started 10/10/19 14:59:27

Academic license - for non-commercial use only
Optimize a model with 5 rows, 50 columns and 50 nonzeros
Variable types: 0 continuous, 50 integer (50 binary)
Coefficient statistics:
  Matrix range     [3e-01, 1e+01]
  Objective range  [2e-02, 2e+00]
  Bounds range     [1e+00, 1e+01]
  RHS range        [3e+00, 3e+01]
Presolve time: 0.00s

Explored 0 nodes (0 simplex iterations) in 0.00 seconds
Thread count was 1 (of 8 available processors)

Solution count 0

Model is infeasible
Best objective -, best bound -, gap -

Gurobi 8.1.1 (win64, Python) logging started 10/10/19 14:59:39

Academic license - for non-commercial use only
Optimize a model with 5 rows, 50 columns and 50 nonzeros
Variable types: 0 continuous, 50 integer (0 binary)
Coefficient statistics:
  Matrix range     [5e-02, 1e+01]
  Objective range  [9e-03, 3e+00]
  Bounds range     [1e+00, 2e+01]
  RHS range        [2e+00, 2e+01]
Presolve time: 0.00s

Explored 0 nodes (0 simplex iterations) in 0.01 seconds
Thread count was 1 (of 8 available processors)

Solution count 0

Model is infeasible
Best objective -, best bound -, gap -

Gurobi 8.1.1 (win64, Python) logging started 10/10/19 15:08:14

Academic license - for non-commercial use only
Optimize a model with 5 rows, 50 columns and 50 nonzeros
Coefficient statistics:
  Matrix range     [2e-04, 1e+01]
  Objective range  [1e-03, 2e+00]
  Bounds range     [1e+00, 2e+01]
  RHS range        [2e+00, 3e+01]
Presolve removed 4 rows and 32 columns
Presolve time: 0.00s

Solved in 0 iterations and 0.00 seconds
Infeasible model

Gurobi 8.1.1 (win64, Python) logging started 10/10/19 15:08:32

Academic license - for non-commercial use only
Optimize a model with 5 rows, 50 columns and 50 nonzeros
Coefficient statistics:
  Matrix range     [4e-01, 1e+01]
  Objective range  [2e-02, 2e+00]
  Bounds range     [1e+00, 2e+01]
  RHS range        [3e+00, 3e+01]
Presolve removed 3 rows and 34 columns
Presolve time: 0.00s

Solved in 0 iterations and 0.00 seconds
Infeasible model

Gurobi 8.1.1 (win64, Python) logging started 10/10/19 15:09:12

Academic license - for non-commercial use only
Optimize a model with 5 rows, 50 columns and 50 nonzeros
Coefficient statistics:
  Matrix range     [1e-02, 1e+01]
  Objective range  [1e-01, 3e+00]
  Bounds range     [1e+00, 2e+01]
  RHS range        [1e+01, 3e+01]
Presolve removed 3 rows and 29 columns
Presolve time: 0.00s

Solved in 0 iterations and 0.00 seconds
Infeasible model

Gurobi 8.1.1 (win64, Python) logging started 10/10/19 15:13:06

Academic license - for non-commercial use only
Optimize a model with 5 rows, 50 columns and 50 nonzeros
Coefficient statistics:
  Matrix range     [8e-02, 1e+01]
  Objective range  [6e-02, 3e+00]
  Bounds range     [1e+00, 2e+01]
  RHS range        [1e+00, 2e+01]
Presolve removed 3 rows and 36 columns
Presolve time: 0.01s
Presolved: 2 rows, 14 columns, 14 nonzeros

Iteration    Objective       Primal Inf.    Dual Inf.      Time
       0    4.1449948e+02   2.710560e+01   0.000000e+00      0s
       2    3.2122501e+02   0.000000e+00   0.000000e+00      0s

Solved in 2 iterations and 0.01 seconds
Optimal objective  3.212250106e+02

Gurobi 8.1.1 (win64, Python) logging started 10/10/19 15:13:15

Academic license - for non-commercial use only
Optimize a model with 5 rows, 50 columns and 50 nonzeros
Coefficient statistics:
  Matrix range     [5e-02, 1e+01]
  Objective range  [9e-03, 3e+00]
  Bounds range     [1e+00, 2e+01]
  RHS range        [1e+01, 2e+01]
Presolve removed 3 rows and 28 columns
Presolve time: 0.00s

Solved in 0 iterations and 0.00 seconds
Infeasible model

Gurobi 8.1.1 (win64, Python) logging started 10/10/19 15:13:20

Academic license - for non-commercial use only
Optimize a model with 5 rows, 50 columns and 50 nonzeros
Coefficient statistics:
  Matrix range     [2e-01, 1e+01]
  Objective range  [7e-03, 3e+00]
  Bounds range     [1e+00, 2e+01]
  RHS range        [2e+00, 2e+01]
Presolve removed 2 rows and 27 columns
Presolve time: 0.00s

Solved in 0 iterations and 0.00 seconds
Infeasible model

Gurobi 8.1.1 (win64, Python) logging started 10/10/19 15:13:35

Academic license - for non-commercial use only
Optimize a model with 25 rows, 1250 columns and 1250 nonzeros
Coefficient statistics:
  Matrix range     [1e-03, 2e+01]
  Objective range  [1e-03, 3e+00]
  Bounds range     [1e+00, 2e+01]
  RHS range        [2e+00, 3e+01]
Presolve removed 11 rows and 674 columns
Presolve time: 0.01s

Solved in 0 iterations and 0.01 seconds
Infeasible model

Gurobi 8.1.1 (win64, Python) logging started 10/10/19 15:13:41

Academic license - for non-commercial use only
Optimize a model with 25 rows, 1250 columns and 1250 nonzeros
Coefficient statistics:
  Matrix range     [2e-03, 2e+01]
  Objective range  [2e-04, 4e+00]
  Bounds range     [1e+00, 2e+01]
  RHS range        [2e+00, 3e+01]
Presolve removed 18 rows and 1103 columns
Presolve time: 0.00s
Presolved: 7 rows, 147 columns, 147 nonzeros

Iteration    Objective       Primal Inf.    Dual Inf.      Time
       0    9.9536819e+03   3.930448e+02   0.000000e+00      0s
       7    4.1927017e+03   0.000000e+00   0.000000e+00      0s

Solved in 7 iterations and 0.01 seconds
Optimal objective  4.192701721e+03

Gurobi 8.1.1 (win64, Python) logging started 10/10/19 15:17:19

Academic license - for non-commercial use only
Optimize a model with 25 rows, 1250 columns and 1250 nonzeros
Coefficient statistics:
  Matrix range     [5e-03, 2e+01]
  Objective range  [1e-03, 3e+00]
  Bounds range     [1e+00, 2e+01]
  RHS range        [2e+00, 3e+01]
Presolve removed 13 rows and 940 columns
Presolve time: 0.00s
Presolved: 12 rows, 310 columns, 310 nonzeros

Iteration    Objective       Primal Inf.    Dual Inf.      Time
       0   -1.0997198e+04   4.450108e+02   0.000000e+00      0s
      11   -5.5422859e+03   0.000000e+00   0.000000e+00      0s

Solved in 11 iterations and 0.00 seconds
Optimal objective -5.542285884e+03

Gurobi 8.1.1 (win64, Python) logging started 10/10/19 15:17:37

Academic license - for non-commercial use only
Optimize a model with 25 rows, 1250 columns and 1250 nonzeros
Coefficient statistics:
  Matrix range     [4e-04, 2e+01]
  Objective range  [1e-03, 4e+00]
  Bounds range     [1e+00, 2e+01]
  RHS range        [1e+00, 3e+01]
Presolve removed 13 rows and 949 columns
Presolve time: 0.00s
Presolved: 12 rows, 301 columns, 301 nonzeros

Iteration    Objective       Primal Inf.    Dual Inf.      Time
       0   -1.1059200e+04   5.250099e+02   0.000000e+00      0s
      11   -4.7457650e+03   0.000000e+00   0.000000e+00      0s

Solved in 11 iterations and 0.01 seconds
Optimal objective -4.745764976e+03

Gurobi 8.1.1 (win64, Python) logging started 10/28/19 15:16:33

Academic license - for non-commercial use only

Gurobi 8.1.1 (win64, Python) logging started 10/28/19 15:18:19

Academic license - for non-commercial use only

Gurobi 8.1.1 (win64, Python) logging started 10/28/19 15:20:29

Academic license - for non-commercial use only

Gurobi 8.1.1 (win64, Python) logging started 10/28/19 15:23:21

Academic license - for non-commercial use only

Gurobi 8.1.1 (win64, Python) logging started 10/28/19 15:25:35

Academic license - for non-commercial use only

Gurobi 8.1.1 (win64, Python) logging started 10/28/19 15:29:09

Academic license - for non-commercial use only

Gurobi 8.1.1 (win64, Python) logging started 10/28/19 15:30:44

Academic license - for non-commercial use only

Gurobi 8.1.1 (win64, Python) logging started 10/28/19 15:39:28

Academic license - for non-commercial use only

Gurobi 8.1.1 (win64, Python) logging started 10/28/19 15:42:44

Academic license - for non-commercial use only

Gurobi 8.1.1 (win64, Python) logging started 10/28/19 15:51:59

Academic license - for non-commercial use only

Gurobi 8.1.1 (win64, Python) logging started 10/28/19 15:54:57

Academic license - for non-commercial use only

Gurobi 8.1.1 (win64, Python) logging started 10/28/19 15:56:46

Academic license - for non-commercial use only

Gurobi 8.1.1 (win64, Python) logging started 10/28/19 16:11:58

Academic license - for non-commercial use only

Gurobi 8.1.1 (win64, Python) logging started 10/28/19 16:15:21

Academic license - for non-commercial use only

Gurobi 8.1.1 (win64, Python) logging started 10/28/19 16:16:47

Academic license - for non-commercial use only

Gurobi 8.1.1 (win64, Python) logging started 10/28/19 16:18:09

Academic license - for non-commercial use only

Gurobi 8.1.1 (win64, Python) logging started 10/28/19 16:19:11

Academic license - for non-commercial use only

Gurobi 8.1.1 (win64, Python) logging started 10/28/19 16:27:18

Academic license - for non-commercial use only

Gurobi 8.1.1 (win64, Python) logging started 10/28/19 16:29:22

Academic license - for non-commercial use only

Gurobi 8.1.1 (win64, Python) logging started 10/28/19 16:38:20

Academic license - for non-commercial use only

Gurobi 8.1.1 (win64, Python) logging started 10/28/19 16:46:17

Academic license - for non-commercial use only

Gurobi 8.1.1 (win64, Python) logging started 10/28/19 16:56:24

Academic license - for non-commercial use only

Gurobi 8.1.1 (win64, Python) logging started 10/28/19 16:57:24

Academic license - for non-commercial use only

Gurobi 8.1.1 (win64, Python) logging started 10/28/19 17:02:10

Academic license - for non-commercial use only

Gurobi 8.1.1 (win64, Python) logging started 10/28/19 17:04:22

Academic license - for non-commercial use only

Gurobi 8.1.1 (win64, Python) logging started 10/28/19 17:12:45

Academic license - for non-commercial use only

Gurobi 8.1.1 (win64, Python) logging started 10/28/19 17:14:30

Academic license - for non-commercial use only

Gurobi 8.1.1 (win64, Python) logging started 10/28/19 17:16:53

Academic license - for non-commercial use only

Gurobi 8.1.1 (win64, Python) logging started 10/28/19 17:19:54

Academic license - for non-commercial use only

Gurobi 8.1.1 (win64, Python) logging started 10/28/19 17:23:14

Academic license - for non-commercial use only

Gurobi 8.1.1 (win64, Python) logging started 10/28/19 17:25:10

Academic license - for non-commercial use only

Gurobi 8.1.1 (win64, Python) logging started 10/28/19 17:28:14

Academic license - for non-commercial use only

Gurobi 8.1.1 (win64, Python) logging started 10/28/19 17:35:30

Academic license - for non-commercial use only

Gurobi 8.1.1 (win64, Python) logging started 10/28/19 17:38:22

Academic license - for non-commercial use only

Gurobi 8.1.1 (win64, Python) logging started 10/28/19 17:40:57

Academic license - for non-commercial use only

Gurobi 8.1.1 (win64, Python) logging started 10/28/19 17:42:55

Academic license - for non-commercial use only

Gurobi 8.1.1 (win64, Python) logging started 10/28/19 17:49:49

Academic license - for non-commercial use only

Gurobi 8.1.1 (win64, Python) logging started 10/28/19 17:51:21

Academic license - for non-commercial use only

Gurobi 8.1.1 (win64, Python) logging started 10/28/19 17:57:40

Academic license - for non-commercial use only

Gurobi 8.1.1 (win64, Python) logging started 10/28/19 17:59:07

Academic license - for non-commercial use only
Optimize a model with 42 rows, 84 columns and 654 nonzeros
Coefficient statistics:
  Matrix range     [4e-04, 8e+00]
  Objective range  [1e+00, 1e+00]
  Bounds range     [1e+00, 2e+01]
  RHS range        [2e-01, 6e+01]
Presolve removed 0 rows and 31 columns
Presolve time: 0.00s

Solved in 0 iterations and 0.00 seconds
Infeasible model

Gurobi 8.1.1 (win64, Python) logging started 10/28/19 18:02:27

Academic license - for non-commercial use only
Optimize a model with 42 rows, 84 columns and 654 nonzeros
Coefficient statistics:
  Matrix range     [1e-04, 6e+00]
  Objective range  [1e+00, 1e+00]
  Bounds range     [3e+02, 3e+02]
  RHS range        [6e-01, 8e+01]
Presolve removed 0 rows and 2 columns
Presolve time: 0.00s
Presolved: 42 rows, 82 columns, 652 nonzeros

Iteration    Objective       Primal Inf.    Dual Inf.      Time
       0    0.0000000e+00   2.018433e+01   0.000000e+00      0s
      11    1.0062417e+02   0.000000e+00   0.000000e+00      0s

Solved in 11 iterations and 0.00 seconds
Optimal objective  1.006241684e+02

Gurobi 8.1.1 (win64, Python) logging started 10/29/19 09:44:49

Academic license - for non-commercial use only
Optimize a model with 42 rows, 126 columns and 654 nonzeros
Model has 42 quadratic constraints
Variable types: 84 continuous, 42 integer (42 binary)
Coefficient statistics:
  Matrix range     [3e-04, 6e+00]
  QMatrix range    [1e+00, 1e+00]
  QLMatrix range   [1e+00, 1e+00]
  Objective range  [1e+00, 1e+00]
  Bounds range     [1e+00, 3e+02]
  RHS range        [1e-01, 5e+01]
Presolve time: 0.01s
Presolved: 210 rows, 210 columns, 1076 nonzeros
Variable types: 168 continuous, 42 integer (42 binary)

Root relaxation: objective 1.730748e+02, 15 iterations, 0.00 seconds

    Nodes    |    Current Node    |     Objective Bounds      |     Work
 Expl Unexpl |  Obj  Depth IntInf | Incumbent    BestBd   Gap | It/Node Time

     0     0  173.07483    0    3          -  173.07483      -     -    0s
     0     0  173.98188    0    5          -  173.98188      -     -    0s
     0     0  176.73642    0    1          -  176.73642      -     -    0s
     0     2  176.73642    0    1          -  176.73642      -     -    0s
*    4     1               2     177.5586433  176.88912  0.38%   7.0    0s

Cutting planes:
  Flow cover: 2

Explored 6 nodes (64 simplex iterations) in 0.07 seconds
Thread count was 8 (of 8 available processors)

Solution count 1: 177.559 

Optimal solution found (tolerance 1.00e-04)
Best objective 1.775586432677e+02, best bound 1.775586432677e+02, gap 0.0000%

Gurobi 8.1.1 (win64, Python) logging started 10/29/19 10:22:55

Academic license - for non-commercial use only

Gurobi 8.1.1 (win64, Python) logging started 10/29/19 10:24:08

Academic license - for non-commercial use only

Gurobi 8.1.1 (win64, Python) logging started 10/29/19 10:25:29

Academic license - for non-commercial use only
Optimize a model with 42 rows, 142 columns and 696 nonzeros
Model has 84 quadratic constraints
Variable types: 100 continuous, 42 integer (42 binary)
Coefficient statistics:
  Matrix range     [2e-04, 6e+00]
  QMatrix range    [1e+00, 1e+00]
  QLMatrix range   [1e+00, 1e+00]
  Objective range  [1e+00, 1e+00]
  Bounds range     [1e+00, 3e+02]
  RHS range        [2e-01, 7e+01]
Presolve removed 0 rows and 16 columns
Presolve time: 0.00s
Presolved: 252 rows, 210 columns, 1032 nonzeros
Variable types: 168 continuous, 42 integer (42 binary)

Explored 1 nodes (0 simplex iterations) in 0.01 seconds
Thread count was 8 (of 8 available processors)

Solution count 0

Model is infeasible
Best objective -, best bound -, gap -

Gurobi 8.1.1 (win64, Python) logging started 10/29/19 10:33:32

Academic license - for non-commercial use only
Optimize a model with 42 rows, 142 columns and 696 nonzeros
Model has 84 quadratic constraints
Variable types: 100 continuous, 42 integer (42 binary)
Coefficient statistics:
  Matrix range     [1e-04, 9e+00]
  QMatrix range    [1e+00, 1e+00]
  QLMatrix range   [1e+00, 1e+00]
  Objective range  [1e+00, 1e+00]
  Bounds range     [1e+00, 3e+02]
  RHS range        [3e-01, 1e+02]
Presolve removed 0 rows and 16 columns
Presolve time: 0.00s
Presolved: 252 rows, 210 columns, 1030 nonzeros
Variable types: 168 continuous, 42 integer (42 binary)

Explored 1 nodes (0 simplex iterations) in 0.01 seconds
Thread count was 8 (of 8 available processors)

Solution count 0

Model is infeasible
Best objective -, best bound -, gap -

Gurobi 8.1.1 (win64, Python) logging started 10/29/19 10:35:02

Academic license - for non-commercial use only
Optimize a model with 42 rows, 126 columns and 440 nonzeros
Model has 84 quadratic constraints
Variable types: 84 continuous, 42 integer (42 binary)
Coefficient statistics:
  Matrix range     [4e-03, 8e+00]
  QMatrix range    [1e+00, 1e+00]
  QLMatrix range   [1e+00, 1e+00]
  Objective range  [1e+00, 1e+00]
  Bounds range     [1e+00, 3e+02]
  RHS range        [4e+00, 7e+01]
Presolve time: 0.00s
Presolved: 252 rows, 210 columns, 1034 nonzeros
Variable types: 168 continuous, 42 integer (42 binary)

Explored 1 nodes (0 simplex iterations) in 0.01 seconds
Thread count was 8 (of 8 available processors)

Solution count 0

Model is infeasible
Best objective -, best bound -, gap -

Gurobi 8.1.1 (win64, Python) logging started 10/29/19 10:41:27

Academic license - for non-commercial use only

Gurobi 8.1.1 (win64, Python) logging started 10/29/19 10:44:20

Academic license - for non-commercial use only

Gurobi 8.1.1 (win64, Python) logging started 10/29/19 12:11:53

Academic license - for non-commercial use only

Gurobi 8.1.1 (win64, Python) logging started 10/29/19 12:13:42

Academic license - for non-commercial use only
Optimize a model with 42 rows, 126 columns and 440 nonzeros
Model has 84 quadratic constraints
Variable types: 84 continuous, 42 integer (42 binary)
Coefficient statistics:
  Matrix range     [2e-03, 8e+00]
  QMatrix range    [1e+00, 1e+00]
  QLMatrix range   [1e+00, 1e+00]
  Objective range  [1e+00, 1e+00]
  Bounds range     [1e+00, 3e+02]
  RHS range        [1e+00, 7e+01]
Presolve removed 0 rows and 4 columns
Presolve time: 0.01s
Presolved: 236 rows, 198 columns, 957 nonzeros
Variable types: 157 continuous, 41 integer (39 binary)

Explored 1 nodes (0 simplex iterations) in 0.02 seconds
Thread count was 8 (of 8 available processors)

Solution count 0

Model is infeasible
Best objective -, best bound -, gap -

Gurobi 8.1.1 (win64, Python) logging started 10/29/19 12:28:53

Academic license - for non-commercial use only
Optimize a model with 42 rows, 126 columns and 440 nonzeros
Model has 84 quadratic constraints
Variable types: 84 continuous, 42 integer (42 binary)
Coefficient statistics:
  Matrix range     [2e-02, 7e+00]
  QMatrix range    [1e+00, 1e+00]
  QLMatrix range   [1e+00, 1e+00]
  Objective range  [1e+00, 1e+00]
  Bounds range     [1e+00, 3e+02]
  RHS range        [3e-01, 1e+02]
Presolve removed 0 rows and 7 columns
Presolve time: 0.01s
Presolved: 221 rows, 187 columns, 883 nonzeros
Variable types: 146 continuous, 41 integer (36 binary)

Explored 1 nodes (0 simplex iterations) in 0.01 seconds
Thread count was 8 (of 8 available processors)

Solution count 0

Model is infeasible
Best objective -, best bound -, gap -

Gurobi 8.1.1 (win64, Python) logging started 10/29/19 14:24:29

Academic license - for non-commercial use only

Gurobi 8.1.1 (win64, Python) logging started 10/29/19 14:25:59

Academic license - for non-commercial use only

Gurobi 8.1.1 (win64, Python) logging started 10/29/19 14:32:48

Academic license - for non-commercial use only

Gurobi 8.1.1 (win64, Python) logging started 10/29/19 14:41:38

Academic license - for non-commercial use only

Gurobi 8.1.1 (win64, Python) logging started 10/29/19 14:43:07

Academic license - for non-commercial use only

Gurobi 8.1.1 (win64, Python) logging started 10/29/19 14:44:42

Academic license - for non-commercial use only

Gurobi 8.1.1 (win64, Python) logging started 10/29/19 14:46:34

Academic license - for non-commercial use only

Gurobi 8.1.1 (win64, Python) logging started 10/29/19 14:49:58

Academic license - for non-commercial use only

Gurobi 8.1.1 (win64, Python) logging started 10/29/19 14:51:31

Academic license - for non-commercial use only

Gurobi 8.1.1 (win64, Python) logging started 10/29/19 14:53:23

Academic license - for non-commercial use only

Gurobi 8.1.1 (win64, Python) logging started 10/29/19 14:54:58

Academic license - for non-commercial use only

Gurobi 8.1.1 (win64, Python) logging started 10/29/19 14:58:03

Academic license - for non-commercial use only
Optimize a model with 42 rows, 126 columns and 500 nonzeros
Model has 84 quadratic constraints
Variable types: 84 continuous, 42 integer (42 binary)
Coefficient statistics:
  Matrix range     [1e-02, 7e+00]
  QMatrix range    [1e+00, 1e+00]
  QLMatrix range   [1e+00, 1e+00]
  Objective range  [1e+00, 1e+00]
  Bounds range     [1e+00, 3e+02]
  RHS range        [1e+00, 2e+03]
Presolve time: 0.00s

Explored 0 nodes (0 simplex iterations) in 0.00 seconds
Thread count was 1 (of 8 available processors)

Solution count 0

Model is infeasible
Best objective -, best bound -, gap -

Gurobi 8.1.1 (win64, Python) logging started 10/29/19 15:01:04

Academic license - for non-commercial use only
Optimize a model with 42 rows, 126 columns and 500 nonzeros
Model has 84 quadratic constraints
Variable types: 84 continuous, 42 integer (42 binary)
Coefficient statistics:
  Matrix range     [9e-03, 6e+00]
  QMatrix range    [1e+00, 1e+00]
  QLMatrix range   [1e+00, 1e+00]
  Objective range  [1e+00, 1e+00]
  Bounds range     [1e+00, 1e+00]
  RHS range        [3e-01, 1e+03]
Presolve time: 0.00s

Explored 0 nodes (0 simplex iterations) in 0.00 seconds
Thread count was 1 (of 8 available processors)

Solution count 0

Best objective -, best bound -, gap -

Gurobi 8.1.1 (win64, Python) logging started 10/29/19 15:03:43

Academic license - for non-commercial use only
Optimize a model with 42 rows, 126 columns and 500 nonzeros
Model has 84 quadratic constraints
Variable types: 84 continuous, 42 integer (42 binary)
Coefficient statistics:
  Matrix range     [2e-03, 7e+00]
  QMatrix range    [1e+00, 1e+00]
  QLMatrix range   [1e+00, 1e+00]
  Objective range  [1e+00, 1e+00]
  Bounds range     [1e+00, 1e+00]
  RHS range        [3e+00, 3e+03]
Presolve time: 0.00s

Explored 0 nodes (0 simplex iterations) in 0.00 seconds
Thread count was 1 (of 8 available processors)

Solution count 0

Best objective -, best bound -, gap -

Gurobi 8.1.1 (win64, Python) logging started 10/29/19 15:10:06

Academic license - for non-commercial use only
Optimize a model with 42 rows, 126 columns and 500 nonzeros
Model has 42 quadratic constraints
Variable types: 84 continuous, 42 integer (42 binary)
Coefficient statistics:
  Matrix range     [2e-04, 6e+00]
  QMatrix range    [1e+00, 1e+00]
  QLMatrix range   [1e+00, 1e+00]
  Objective range  [1e+00, 1e+00]
  Bounds range     [1e+00, 1e+00]
  RHS range        [2e+00, 2e+03]
Presolve time: 0.00s

Explored 0 nodes (0 simplex iterations) in 0.00 seconds
Thread count was 1 (of 8 available processors)

Solution count 0

Best objective -, best bound -, gap -

Gurobi 8.1.1 (win64, Python) logging started 10/29/19 15:13:59

Academic license - for non-commercial use only
Optimize a model with 42 rows, 126 columns and 500 nonzeros
Model has 42 quadratic constraints
Variable types: 84 continuous, 42 integer (42 binary)
Coefficient statistics:
  Matrix range     [8e-03, 8e+00]
  QMatrix range    [1e+00, 1e+00]
  QLMatrix range   [1e+00, 1e+00]
  Objective range  [1e+00, 1e+00]
  Bounds range     [1e+00, 1e+00]
  RHS range        [9e-01, 4e+03]
Presolve time: 0.00s

Explored 0 nodes (0 simplex iterations) in 0.00 seconds
Thread count was 1 (of 8 available processors)

Solution count 0

Best objective -, best bound -, gap -

Gurobi 8.1.1 (win64, Python) logging started 10/29/19 15:21:03

Academic license - for non-commercial use only
Optimize a model with 42 rows, 126 columns and 500 nonzeros
Model has 42 quadratic constraints
Variable types: 84 continuous, 42 integer (42 binary)
Coefficient statistics:
  Matrix range     [4e-04, 7e+00]
  QMatrix range    [1e+00, 1e+00]
  QLMatrix range   [1e+00, 1e+00]
  Objective range  [1e+00, 1e+00]
  Bounds range     [1e+00, 1e+00]
  RHS range        [2e+00, 3e+03]
Presolve time: 0.00s

Explored 0 nodes (0 simplex iterations) in 0.00 seconds
Thread count was 1 (of 8 available processors)

Solution count 0

Best objective -, best bound -, gap -

Gurobi 8.1.1 (win64, Python) logging started 10/29/19 15:34:31

Academic license - for non-commercial use only
Optimize a model with 42 rows, 126 columns and 500 nonzeros
Model has 42 quadratic constraints
Variable types: 84 continuous, 42 integer (42 binary)
Coefficient statistics:
  Matrix range     [2e-03, 1e+01]
  QMatrix range    [1e+00, 1e+00]
  QLMatrix range   [1e+00, 1e+00]
  Objective range  [1e+00, 1e+00]
  Bounds range     [1e+00, 1e+00]
  RHS range        [3e-02, 3e+03]
Presolve time: 0.00s

Explored 0 nodes (0 simplex iterations) in 0.00 seconds
Thread count was 1 (of 8 available processors)

Solution count 0

Best objective -, best bound -, gap -

Gurobi 8.1.1 (win64, Python) logging started 10/29/19 15:40:53

Academic license - for non-commercial use only

Gurobi 8.1.1 (win64, Python) logging started 10/29/19 15:41:55

Academic license - for non-commercial use only
Optimize a model with 42 rows, 126 columns and 500 nonzeros
Model has 42 quadratic constraints
Variable types: 84 continuous, 42 integer (42 binary)
Coefficient statistics:
  Matrix range     [1e-02, 8e+00]
  QMatrix range    [1e+00, 1e+00]
  QLMatrix range   [1e+00, 1e+00]
  Objective range  [1e+00, 1e+00]
  Bounds range     [1e+00, 1e+00]
  RHS range        [8e-03, 3e+03]
Presolve time: 0.00s

Explored 0 nodes (0 simplex iterations) in 0.00 seconds
Thread count was 1 (of 8 available processors)

Solution count 0

Best objective -, best bound -, gap -

Gurobi 8.1.1 (win64, Python) logging started 10/29/19 16:02:48

Academic license - for non-commercial use only
Optimize a model with 42 rows, 126 columns and 500 nonzeros
Model has 42 quadratic constraints
Variable types: 84 continuous, 42 integer (42 binary)
Coefficient statistics:
  Matrix range     [3e-03, 9e+00]
  QMatrix range    [1e+00, 1e+00]
  QLMatrix range   [1e+00, 1e+00]
  Objective range  [1e+00, 1e+00]
  Bounds range     [1e+00, 5e+02]
  RHS range        [1e+00, 4e+03]
Presolve time: 0.00s

Explored 0 nodes (0 simplex iterations) in 0.00 seconds
Thread count was 1 (of 8 available processors)

Solution count 0

Model is infeasible
Best objective -, best bound -, gap -

Gurobi 8.1.1 (win64, Python) logging started 11/13/19 13:57:06

Academic license - for non-commercial use only
Optimize a model with 126 rows, 128 columns and 1416 nonzeros
Model has 84 quadratic constraints
Variable types: 86 continuous, 42 integer (42 binary)
Coefficient statistics:
  Matrix range     [3e-03, 9e+00]
  QMatrix range    [1e+00, 1e+00]
  QLMatrix range   [1e+00, 1e+00]
  Objective range  [1e+00, 1e+00]
  Bounds range     [1e+00, 5e+02]
  RHS range        [2e+00, 1e+03]
Presolve removed 19 rows and 0 columns
Presolve time: 0.00s

Explored 0 nodes (0 simplex iterations) in 0.01 seconds
Thread count was 1 (of 8 available processors)

Solution count 0

Model is infeasible
Best objective -, best bound -, gap -

Gurobi 8.1.1 (win64, Python) logging started 11/13/19 14:04:05

Academic license - for non-commercial use only
Optimize a model with 84 rows, 128 columns and 916 nonzeros
Model has 84 quadratic constraints
Variable types: 86 continuous, 42 integer (42 binary)
Coefficient statistics:
  Matrix range     [3e-04, 9e+00]
  QMatrix range    [1e+00, 1e+00]
  QLMatrix range   [1e+00, 1e+00]
  Objective range  [1e+00, 1e+00]
  Bounds range     [1e+00, 5e+02]
  RHS range        [1e+00, 2e+03]
Presolve removed 67 rows and 53 columns
Presolve time: 0.02s

Explored 0 nodes (0 simplex iterations) in 0.02 seconds
Thread count was 1 (of 8 available processors)

Solution count 0

Best objective -, best bound -, gap -

Gurobi 8.1.1 (win64, Python) logging started 11/14/19 15:20:29

Academic license - for non-commercial use only
Optimize a model with 84 rows, 128 columns and 916 nonzeros
Model has 84 quadratic constraints
Variable types: 86 continuous, 42 integer (42 binary)
Coefficient statistics:
  Matrix range     [6e-03, 1e+01]
  QMatrix range    [1e+00, 1e+00]
  QLMatrix range   [1e+00, 1e+00]
  Objective range  [0e+00, 0e+00]
  Bounds range     [1e+00, 5e+02]
  RHS range        [2e-01, 2e+03]
Presolve removed 74 rows and 53 columns
Presolve time: 0.02s

Explored 0 nodes (0 simplex iterations) in 0.03 seconds
Thread count was 1 (of 8 available processors)

Solution count 0

Best objective -, best bound -, gap -

Gurobi 8.1.1 (win64, Python) logging started 11/14/19 15:26:09

Academic license - for non-commercial use only
Optimize a model with 84 rows, 128 columns and 916 nonzeros
Model has 84 quadratic constraints
Variable types: 86 continuous, 42 integer (42 binary)
Coefficient statistics:
  Matrix range     [1e-03, 7e+00]
  QMatrix range    [1e+00, 1e+00]
  QLMatrix range   [1e+00, 1e+00]
  Objective range  [0e+00, 0e+00]
  Bounds range     [1e+00, 1e+00]
  RHS range        [1e+00, 2e+03]
Presolve removed 61 rows and 53 columns
Presolve time: 0.00s

Explored 0 nodes (0 simplex iterations) in 0.00 seconds
Thread count was 1 (of 8 available processors)

Solution count 0

Best objective -, best bound -, gap -

Gurobi 8.1.1 (win64, Python) logging started 11/14/19 16:15:07

Academic license - for non-commercial use only
Optimize a model with 168 rows, 126 columns and 1000 nonzeros
Variable types: 84 continuous, 42 integer (42 binary)
Coefficient statistics:
  Matrix range     [3e-03, 1e+03]
  Objective range  [0e+00, 0e+00]
  Bounds range     [1e+00, 1e+00]
  RHS range        [3e+02, 4e+03]
Presolve removed 20 rows and 0 columns
Presolve time: 0.00s

Explored 0 nodes (0 simplex iterations) in 0.00 seconds
Thread count was 1 (of 8 available processors)

Solution count 0

Model is infeasible
Best objective -, best bound -, gap -

Gurobi 8.1.1 (win64, Python) logging started 11/14/19 16:22:58

Academic license - for non-commercial use only
Optimize a model with 210 rows, 126 columns and 1500 nonzeros
Variable types: 84 continuous, 42 integer (42 binary)
Coefficient statistics:
  Matrix range     [8e-03, 1e+03]
  Objective range  [0e+00, 0e+00]
  Bounds range     [1e+00, 1e+00]
  RHS range        [6e-01, 4e+03]
Presolve removed 12 rows and 0 columns
Presolve time: 0.00s

Explored 0 nodes (0 simplex iterations) in 0.00 seconds
Thread count was 1 (of 8 available processors)

Solution count 0

Model is infeasible
Best objective -, best bound -, gap -

Gurobi 8.1.1 (win64, Python) logging started 11/14/19 16:26:28

Academic license - for non-commercial use only
Optimize a model with 210 rows, 126 columns and 1500 nonzeros
Variable types: 84 continuous, 42 integer (42 binary)
Coefficient statistics:
  Matrix range     [7e-04, 1e+03]
  Objective range  [0e+00, 0e+00]
  Bounds range     [1e+00, 1e+00]
  RHS range        [2e+00, 4e+03]
Presolve removed 3 rows and 0 columns
Presolve time: 0.00s

Explored 0 nodes (0 simplex iterations) in 0.00 seconds
Thread count was 1 (of 8 available processors)

Solution count 0

Model is infeasible
Best objective -, best bound -, gap -

Gurobi 8.1.1 (win64, Python) logging started 11/14/19 16:29:14

Academic license - for non-commercial use only
Optimize a model with 210 rows, 126 columns and 1500 nonzeros
Variable types: 84 continuous, 42 integer (42 binary)
Coefficient statistics:
  Matrix range     [4e-04, 1e+03]
  Objective range  [0e+00, 0e+00]
  Bounds range     [1e+00, 1e+00]
  RHS range        [2e-01, 2e+03]
Presolve removed 2 rows and 0 columns
Presolve time: 0.00s

Explored 0 nodes (0 simplex iterations) in 0.00 seconds
Thread count was 1 (of 8 available processors)

Solution count 0

Model is infeasible
Best objective -, best bound -, gap -

Gurobi 8.1.1 (win64, Python) logging started 11/14/19 16:35:26

Academic license - for non-commercial use only
Optimize a model with 210 rows, 126 columns and 1500 nonzeros
Variable types: 84 continuous, 42 integer (42 binary)
Coefficient statistics:
  Matrix range     [2e-03, 1e+03]
  Objective range  [0e+00, 0e+00]
  Bounds range     [1e+00, 1e+00]
  RHS range        [2e+00, 3e+03]
Presolve removed 5 rows and 0 columns
Presolve time: 0.00s

Explored 0 nodes (0 simplex iterations) in 0.00 seconds
Thread count was 1 (of 8 available processors)

Solution count 0

Model is infeasible
Best objective -, best bound -, gap -

Gurobi 8.1.1 (win64, Python) logging started 11/14/19 16:38:44

Academic license - for non-commercial use only
Optimize a model with 210 rows, 126 columns and 1500 nonzeros
Variable types: 84 continuous, 42 integer (42 binary)
Coefficient statistics:
  Matrix range     [4e-03, 1e+03]
  Objective range  [0e+00, 0e+00]
  Bounds range     [1e+00, 1e+00]
  RHS range        [3e+00, 4e+03]
Presolve time: 0.00s

Explored 0 nodes (0 simplex iterations) in 0.00 seconds
Thread count was 1 (of 8 available processors)

Solution count 0

Model is infeasible
Best objective -, best bound -, gap -

Gurobi 8.1.1 (win64, Python) logging started 11/14/19 16:44:39

Academic license - for non-commercial use only
Optimize a model with 126 rows, 126 columns and 668 nonzeros
Variable types: 84 continuous, 42 integer (42 binary)
Coefficient statistics:
  Matrix range     [6e-03, 1e+03]
  Objective range  [0e+00, 0e+00]
  Bounds range     [1e+00, 1e+00]
  RHS range        [8e-02, 1e+03]
Presolve removed 73 rows and 82 columns
Presolve time: 0.00s

Explored 0 nodes (0 simplex iterations) in 0.00 seconds
Thread count was 1 (of 8 available processors)

Solution count 0

Model is infeasible
Best objective -, best bound -, gap -

Gurobi 8.1.1 (win64, Python) logging started 11/14/19 16:48:03

Academic license - for non-commercial use only
Optimize a model with 126 rows, 126 columns and 668 nonzeros
Variable types: 84 continuous, 42 integer (42 binary)
Coefficient statistics:
  Matrix range     [1e-05, 1e+04]
  Objective range  [0e+00, 0e+00]
  Bounds range     [1e+00, 1e+00]
  RHS range        [5e-02, 1e+04]
Presolve removed 126 rows and 126 columns
Presolve time: 0.00s
Presolve: All rows and columns removed

Explored 0 nodes (0 simplex iterations) in 0.00 seconds
Thread count was 1 (of 8 available processors)

Solution count 1: 0 

Optimal solution found (tolerance 1.00e-04)
Best objective 0.000000000000e+00, best bound 0.000000000000e+00, gap 0.0000%

Gurobi 8.1.1 (win64, Python) logging started 11/14/19 16:49:56

Academic license - for non-commercial use only
Optimize a model with 126 rows, 126 columns and 668 nonzeros
Variable types: 84 continuous, 42 integer (42 binary)
Coefficient statistics:
  Matrix range     [1e-03, 1e+04]
  Objective range  [0e+00, 0e+00]
  Bounds range     [1e+00, 1e+00]
  RHS range        [9e-03, 1e+04]
Presolve removed 126 rows and 126 columns
Presolve time: 0.00s
Presolve: All rows and columns removed

Explored 0 nodes (0 simplex iterations) in 0.00 seconds
Thread count was 1 (of 8 available processors)

Solution count 1: 0 

Optimal solution found (tolerance 1.00e-04)
Best objective 0.000000000000e+00, best bound 0.000000000000e+00, gap 0.0000%

Gurobi 8.1.1 (win64, Python) logging started 11/19/19 12:41:16

Academic license - for non-commercial use only
Optimize a model with 126 rows, 126 columns and 668 nonzeros
Variable types: 84 continuous, 42 integer (42 binary)
Coefficient statistics:
  Matrix range     [4e-03, 1e+04]
  Objective range  [0e+00, 0e+00]
  Bounds range     [1e+00, 1e+00]
  RHS range        [1e-01, 1e+04]
Presolve removed 126 rows and 126 columns
Presolve time: 0.01s
Presolve: All rows and columns removed

Explored 0 nodes (0 simplex iterations) in 0.02 seconds
Thread count was 1 (of 8 available processors)

Solution count 1: 0 

Optimal solution found (tolerance 1.00e-04)
Best objective 0.000000000000e+00, best bound 0.000000000000e+00, gap 0.0000%

Gurobi 8.1.1 (win64, Python) logging started 11/19/19 12:45:06

Academic license - for non-commercial use only
Optimize a model with 126 rows, 126 columns and 668 nonzeros
Variable types: 84 continuous, 42 integer (42 binary)
Coefficient statistics:
  Matrix range     [1e-03, 1e+04]
  Objective range  [0e+00, 0e+00]
  Bounds range     [1e+00, 1e+00]
  RHS range        [3e-02, 1e+04]
Presolve removed 126 rows and 126 columns
Presolve time: 0.00s
Presolve: All rows and columns removed

Explored 0 nodes (0 simplex iterations) in 0.00 seconds
Thread count was 1 (of 8 available processors)

Solution count 1: 0 

Optimal solution found (tolerance 1.00e-04)
Best objective 0.000000000000e+00, best bound 0.000000000000e+00, gap 0.0000%

Gurobi 8.1.1 (win64, Python) logging started 11/19/19 12:59:43

Academic license - for non-commercial use only
Optimize a model with 126 rows, 126 columns and 668 nonzeros
Variable types: 84 continuous, 42 integer (42 binary)
Coefficient statistics:
  Matrix range     [9e-04, 1e+04]
  Objective range  [0e+00, 0e+00]
  Bounds range     [1e+00, 1e+00]
  RHS range        [4e-03, 1e+04]
Presolve removed 126 rows and 126 columns
Presolve time: 0.00s
Presolve: All rows and columns removed

Explored 0 nodes (0 simplex iterations) in 0.01 seconds
Thread count was 1 (of 8 available processors)

Solution count 1: 0 

Optimal solution found (tolerance 1.00e-04)
Best objective 0.000000000000e+00, best bound 0.000000000000e+00, gap 0.0000%

Gurobi 8.1.1 (win64, Python) logging started 11/19/19 13:05:30

Academic license - for non-commercial use only
Optimize a model with 126 rows, 126 columns and 668 nonzeros
Variable types: 84 continuous, 42 integer (42 binary)
Coefficient statistics:
  Matrix range     [3e-03, 1e+04]
  Objective range  [0e+00, 0e+00]
  Bounds range     [1e+00, 1e+00]
  RHS range        [2e-01, 1e+04]
Presolve removed 126 rows and 126 columns
Presolve time: 0.00s
Presolve: All rows and columns removed

Explored 0 nodes (0 simplex iterations) in 0.00 seconds
Thread count was 1 (of 8 available processors)

Solution count 1: 0 

Optimal solution found (tolerance 1.00e-04)
Best objective 0.000000000000e+00, best bound 0.000000000000e+00, gap 0.0000%

Gurobi 8.1.1 (win64, Python) logging started 11/19/19 13:08:01

Academic license - for non-commercial use only
Optimize a model with 126 rows, 126 columns and 668 nonzeros
Variable types: 84 continuous, 42 integer (42 binary)
Coefficient statistics:
  Matrix range     [8e-03, 1e+04]
  Objective range  [0e+00, 0e+00]
  Bounds range     [1e+00, 1e+00]
  RHS range        [1e-02, 1e+04]
Presolve removed 126 rows and 126 columns
Presolve time: 0.00s
Presolve: All rows and columns removed

Explored 0 nodes (0 simplex iterations) in 0.00 seconds
Thread count was 1 (of 8 available processors)

Solution count 1: 0 

Optimal solution found (tolerance 1.00e-04)
Best objective 0.000000000000e+00, best bound 0.000000000000e+00, gap 0.0000%

Gurobi 8.1.1 (win64, Python) logging started 11/19/19 13:12:45

Academic license - for non-commercial use only

Gurobi 8.1.1 (win64, Python) logging started 11/19/19 13:16:45

Academic license - for non-commercial use only
Optimize a model with 210 rows, 126 columns and 1500 nonzeros
Variable types: 84 continuous, 42 integer (42 binary)
Coefficient statistics:
  Matrix range     [1e-02, 1e+04]
  Objective range  [0e+00, 0e+00]
  Bounds range     [1e+00, 2e+03]
  RHS range        [3e-02, 1e+04]
Presolve removed 210 rows and 126 columns
Presolve time: 0.00s
Presolve: All rows and columns removed

Explored 0 nodes (0 simplex iterations) in 0.00 seconds
Thread count was 1 (of 8 available processors)

Solution count 1: 0 

Optimal solution found (tolerance 1.00e-04)
Best objective 0.000000000000e+00, best bound 0.000000000000e+00, gap 0.0000%

Gurobi 8.1.1 (win64, Python) logging started 11/19/19 14:19:50

Academic license - for non-commercial use only
Optimize a model with 210 rows, 126 columns and 1500 nonzeros
Variable types: 84 continuous, 42 integer (42 binary)
Coefficient statistics:
  Matrix range     [2e-03, 2e+04]
  Objective range  [0e+00, 0e+00]
  Bounds range     [1e+00, 2e+03]
  RHS range        [4e-02, 2e+04]
Presolve removed 210 rows and 126 columns
Presolve time: 0.00s
Presolve: All rows and columns removed

Explored 0 nodes (0 simplex iterations) in 0.00 seconds
Thread count was 1 (of 8 available processors)

Solution count 1: 0 

Optimal solution found (tolerance 1.00e-04)
Best objective 0.000000000000e+00, best bound 0.000000000000e+00, gap 0.0000%

Gurobi 8.1.1 (win64, Python) logging started 11/19/19 14:23:33

Academic license - for non-commercial use only
Optimize a model with 210 rows, 126 columns and 1500 nonzeros
Variable types: 84 continuous, 42 integer (42 binary)
Coefficient statistics:
  Matrix range     [2e-03, 2e+04]
  Objective range  [0e+00, 0e+00]
  Bounds range     [1e+00, 2e+03]
  RHS range        [3e-02, 2e+04]
Presolve removed 210 rows and 126 columns
Presolve time: 0.00s
Presolve: All rows and columns removed

Explored 0 nodes (0 simplex iterations) in 0.00 seconds
Thread count was 1 (of 8 available processors)

Solution count 1: 0 

Optimal solution found (tolerance 1.00e-04)
Best objective 0.000000000000e+00, best bound 0.000000000000e+00, gap 0.0000%

Gurobi 8.1.1 (win64, Python) logging started 11/19/19 14:28:07

Academic license - for non-commercial use only
Optimize a model with 210 rows, 126 columns and 1500 nonzeros
Variable types: 84 continuous, 42 integer (42 binary)
Coefficient statistics:
  Matrix range     [4e-03, 2e+04]
  Objective range  [0e+00, 0e+00]
  Bounds range     [1e+00, 2e+03]
  RHS range        [7e-02, 2e+04]
Presolve removed 210 rows and 126 columns
Presolve time: 0.00s
Presolve: All rows and columns removed

Explored 0 nodes (0 simplex iterations) in 0.00 seconds
Thread count was 1 (of 8 available processors)

Solution count 1: 0 

Optimal solution found (tolerance 1.00e-04)
Best objective 0.000000000000e+00, best bound 0.000000000000e+00, gap 0.0000%

Gurobi 8.1.1 (win64, Python) logging started 11/19/19 14:32:04

Academic license - for non-commercial use only
Optimize a model with 210 rows, 126 columns and 1500 nonzeros
Variable types: 84 continuous, 42 integer (42 binary)
Coefficient statistics:
  Matrix range     [1e-03, 2e+04]
  Objective range  [0e+00, 0e+00]
  Bounds range     [1e+00, 2e+03]
  RHS range        [6e-02, 2e+04]
Presolve removed 210 rows and 126 columns
Presolve time: 0.00s
Presolve: All rows and columns removed

Explored 0 nodes (0 simplex iterations) in 0.00 seconds
Thread count was 1 (of 8 available processors)

Solution count 1: 0 

Optimal solution found (tolerance 1.00e-04)
Best objective 0.000000000000e+00, best bound 0.000000000000e+00, gap 0.0000%

Gurobi 8.1.1 (win64, Python) logging started 11/19/19 14:41:31

Academic license - for non-commercial use only
Optimize a model with 210 rows, 126 columns and 1500 nonzeros
Variable types: 84 continuous, 42 integer (42 binary)
Coefficient statistics:
  Matrix range     [7e-03, 2e+04]
  Objective range  [0e+00, 0e+00]
  Bounds range     [1e+00, 2e+03]
  RHS range        [3e-02, 2e+04]
Presolve removed 210 rows and 126 columns
Presolve time: 0.00s
Presolve: All rows and columns removed

Explored 0 nodes (0 simplex iterations) in 0.00 seconds
Thread count was 1 (of 8 available processors)

Solution count 1: 0 

Optimal solution found (tolerance 1.00e-04)
Best objective 0.000000000000e+00, best bound 0.000000000000e+00, gap 0.0000%

Gurobi 8.1.1 (win64, Python) logging started 11/19/19 14:57:54

Academic license - for non-commercial use only
Optimize a model with 210 rows, 126 columns and 1500 nonzeros
Variable types: 84 continuous, 42 integer (42 binary)
Coefficient statistics:
  Matrix range     [4e-03, 2e+04]
  Objective range  [0e+00, 0e+00]
  Bounds range     [1e+00, 2e+03]
  RHS range        [6e-02, 2e+04]
Presolve removed 210 rows and 126 columns
Presolve time: 0.00s
Presolve: All rows and columns removed

Explored 0 nodes (0 simplex iterations) in 0.00 seconds
Thread count was 1 (of 8 available processors)

Solution count 1: 0 

Optimal solution found (tolerance 1.00e-04)
Best objective 0.000000000000e+00, best bound 0.000000000000e+00, gap 0.0000%

Gurobi 8.1.1 (win64, Python) logging started 11/19/19 15:22:36

Academic license - for non-commercial use only

Gurobi 8.1.1 (win64, Python) logging started 11/19/19 15:29:12

Academic license - for non-commercial use only
Optimize a model with 146 rows, 126 columns and 988 nonzeros
Variable types: 84 continuous, 42 integer (42 binary)
Coefficient statistics:
  Matrix range     [3e-03, 2e+04]
  Objective range  [0e+00, 0e+00]
  Bounds range     [1e+00, 2e+03]
  RHS range        [4e-02, 2e+04]
Presolve removed 146 rows and 126 columns
Presolve time: 0.00s
Presolve: All rows and columns removed

Explored 0 nodes (0 simplex iterations) in 0.00 seconds
Thread count was 1 (of 8 available processors)

Solution count 1: 0 

Optimal solution found (tolerance 1.00e-04)
Best objective 0.000000000000e+00, best bound 0.000000000000e+00, gap 0.0000%

Gurobi 8.1.1 (win64, Python) logging started 11/19/19 15:30:50

Academic license - for non-commercial use only
Optimize a model with 146 rows, 126 columns and 988 nonzeros
Variable types: 84 continuous, 42 integer (42 binary)
Coefficient statistics:
  Matrix range     [7e-03, 2e+04]
  Objective range  [0e+00, 0e+00]
  Bounds range     [1e+00, 2e+03]
  RHS range        [5e-02, 2e+04]
Presolve removed 146 rows and 126 columns
Presolve time: 0.00s
Presolve: All rows and columns removed

Explored 0 nodes (0 simplex iterations) in 0.00 seconds
Thread count was 1 (of 8 available processors)

Solution count 1: 0 

Optimal solution found (tolerance 1.00e-04)
Best objective 0.000000000000e+00, best bound 0.000000000000e+00, gap 0.0000%

Gurobi 8.1.1 (win64, Python) logging started 11/19/19 15:32:29

Academic license - for non-commercial use only
Optimize a model with 146 rows, 126 columns and 988 nonzeros
Variable types: 84 continuous, 42 integer (42 binary)
Coefficient statistics:
  Matrix range     [4e-03, 2e+04]
  Objective range  [0e+00, 0e+00]
  Bounds range     [1e+00, 2e+03]
  RHS range        [6e-02, 2e+04]
Presolve removed 146 rows and 126 columns
Presolve time: 0.00s
Presolve: All rows and columns removed

Explored 0 nodes (0 simplex iterations) in 0.00 seconds
Thread count was 1 (of 8 available processors)

Solution count 1: 0 

Optimal solution found (tolerance 1.00e-04)
Best objective 0.000000000000e+00, best bound 0.000000000000e+00, gap 0.0000%

Gurobi 8.1.1 (win64, Python) logging started 11/19/19 15:34:12

Academic license - for non-commercial use only
Optimize a model with 126 rows, 126 columns and 668 nonzeros
Variable types: 84 continuous, 42 integer (42 binary)
Coefficient statistics:
  Matrix range     [9e-05, 2e+04]
  Objective range  [0e+00, 0e+00]
  Bounds range     [1e+00, 2e+03]
  RHS range        [6e-03, 2e+04]
Presolve removed 126 rows and 126 columns
Presolve time: 0.00s
Presolve: All rows and columns removed

Explored 0 nodes (0 simplex iterations) in 0.00 seconds
Thread count was 1 (of 8 available processors)

Solution count 1: 0 

Optimal solution found (tolerance 1.00e-04)
Best objective 0.000000000000e+00, best bound 0.000000000000e+00, gap 0.0000%

Gurobi 8.1.1 (win64, Python) logging started 11/19/19 16:08:40

Academic license - for non-commercial use only

Gurobi 8.1.1 (win64, Python) logging started 11/19/19 16:17:23

Academic license - for non-commercial use only

Gurobi 8.1.1 (win64, Python) logging started 11/19/19 16:20:48

Academic license - for non-commercial use only

Gurobi 8.1.1 (win64, Python) logging started 11/19/19 16:23:40

Academic license - for non-commercial use only

Gurobi 8.1.1 (win64, Python) logging started 11/19/19 16:31:30

Academic license - for non-commercial use only

Gurobi 8.1.1 (win64, Python) logging started 11/21/19 14:17:45

Academic license - for non-commercial use only

Gurobi 8.1.1 (win64, Python) logging started 11/21/19 14:23:48

Academic license - for non-commercial use only

Gurobi 8.1.1 (win64, Python) logging started 11/21/19 15:13:02

Academic license - for non-commercial use only
Optimize a model with 210 rows, 126 columns and 1440 nonzeros
Variable types: 84 continuous, 42 integer (42 binary)
Coefficient statistics:
  Matrix range     [3e-03, 2e+04]
  Objective range  [0e+00, 0e+00]
  Bounds range     [1e+00, 2e+03]
  RHS range        [9e-02, 2e+04]
Presolve removed 210 rows and 126 columns
Presolve time: 0.01s
Presolve: All rows and columns removed

Explored 0 nodes (0 simplex iterations) in 0.02 seconds
Thread count was 1 (of 8 available processors)

Solution count 1: 0 

Optimal solution found (tolerance 1.00e-04)
Best objective 0.000000000000e+00, best bound 0.000000000000e+00, gap 0.0000%

Gurobi 8.1.1 (win64, Python) logging started 11/21/19 15:20:55

Academic license - for non-commercial use only
Optimize a model with 210 rows, 126 columns and 1440 nonzeros
Variable types: 84 continuous, 42 integer (42 binary)
Coefficient statistics:
  Matrix range     [6e-03, 2e+04]
  Objective range  [0e+00, 0e+00]
  Bounds range     [1e+00, 2e+03]
  RHS range        [3e-03, 2e+04]
Presolve removed 210 rows and 126 columns
Presolve time: 0.00s
Presolve: All rows and columns removed

Explored 0 nodes (0 simplex iterations) in 0.00 seconds
Thread count was 1 (of 8 available processors)

Solution count 1: 0 

Optimal solution found (tolerance 1.00e-04)
Best objective 0.000000000000e+00, best bound 0.000000000000e+00, gap 0.0000%

Gurobi 8.1.1 (win64, Python) logging started 11/21/19 15:23:12

Academic license - for non-commercial use only
Optimize a model with 210 rows, 126 columns and 1440 nonzeros
Variable types: 84 continuous, 42 integer (42 binary)
Coefficient statistics:
  Matrix range     [7e-03, 2e+04]
  Objective range  [0e+00, 0e+00]
  Bounds range     [1e+00, 2e+03]
  RHS range        [2e-01, 2e+04]
Presolve removed 210 rows and 126 columns
Presolve time: 0.00s
Presolve: All rows and columns removed

Explored 0 nodes (0 simplex iterations) in 0.00 seconds
Thread count was 1 (of 8 available processors)

Solution count 1: 0 

Optimal solution found (tolerance 1.00e-04)
Best objective 0.000000000000e+00, best bound 0.000000000000e+00, gap 0.0000%

Gurobi 8.1.1 (win64, Python) logging started 11/21/19 15:25:12

Academic license - for non-commercial use only
Optimize a model with 210 rows, 126 columns and 1440 nonzeros
Variable types: 84 continuous, 42 integer (42 binary)
Coefficient statistics:
  Matrix range     [2e-02, 2e+04]
  Objective range  [0e+00, 0e+00]
  Bounds range     [1e+00, 2e+03]
  RHS range        [1e-01, 2e+04]
Presolve removed 210 rows and 126 columns
Presolve time: 0.00s
Presolve: All rows and columns removed

Explored 0 nodes (0 simplex iterations) in 0.00 seconds
Thread count was 1 (of 8 available processors)

Solution count 1: 0 

Optimal solution found (tolerance 1.00e-04)
Best objective 0.000000000000e+00, best bound 0.000000000000e+00, gap 0.0000%

Gurobi 8.1.1 (win64, Python) logging started 11/21/19 15:27:31

Academic license - for non-commercial use only
Optimize a model with 210 rows, 126 columns and 1440 nonzeros
Variable types: 84 continuous, 42 integer (42 binary)
Coefficient statistics:
  Matrix range     [3e-03, 2e+04]
  Objective range  [0e+00, 0e+00]
  Bounds range     [1e+00, 2e+03]
  RHS range        [3e-01, 2e+04]
Presolve removed 210 rows and 126 columns
Presolve time: 0.00s
Presolve: All rows and columns removed

Explored 0 nodes (0 simplex iterations) in 0.00 seconds
Thread count was 1 (of 8 available processors)

Solution count 1: 0 

Optimal solution found (tolerance 1.00e-04)
Best objective 0.000000000000e+00, best bound 0.000000000000e+00, gap 0.0000%

Gurobi 8.1.1 (win64, Python) logging started 11/21/19 15:31:26

Academic license - for non-commercial use only
Optimize a model with 210 rows, 126 columns and 1440 nonzeros
Variable types: 84 continuous, 42 integer (42 binary)
Coefficient statistics:
  Matrix range     [2e-04, 2e+04]
  Objective range  [0e+00, 0e+00]
  Bounds range     [1e+00, 2e+03]
  RHS range        [3e-01, 2e+04]
Presolve removed 183 rows and 99 columns
Presolve time: 0.00s

Explored 0 nodes (0 simplex iterations) in 0.00 seconds
Thread count was 1 (of 8 available processors)

Solution count 0

Model is infeasible
Best objective -, best bound -, gap -

Gurobi 8.1.1 (win64, Python) logging started 11/21/19 15:35:41

Academic license - for non-commercial use only
Optimize a model with 210 rows, 126 columns and 1440 nonzeros
Variable types: 84 continuous, 42 integer (42 binary)
Coefficient statistics:
  Matrix range     [8e-04, 2e+04]
  Objective range  [0e+00, 0e+00]
  Bounds range     [1e+00, 2e+03]
  RHS range        [2e-01, 2e+04]
Presolve removed 210 rows and 126 columns
Presolve time: 0.01s
Presolve: All rows and columns removed

Explored 0 nodes (0 simplex iterations) in 0.01 seconds
Thread count was 1 (of 8 available processors)

Solution count 1: 0 

Optimal solution found (tolerance 1.00e-04)
Best objective 0.000000000000e+00, best bound 0.000000000000e+00, gap 0.0000%

Gurobi 8.1.1 (win64, Python) logging started 11/21/19 15:53:36

Academic license - for non-commercial use only
Optimize a model with 690 rows, 414 columns and 14496 nonzeros
Variable types: 276 continuous, 138 integer (138 binary)
Coefficient statistics:
  Matrix range     [2e-05, 2e+04]
  Objective range  [0e+00, 0e+00]
  Bounds range     [1e+00, 2e+03]
  RHS range        [1e-03, 2e+04]
Presolve removed 690 rows and 414 columns
Presolve time: 0.01s
Presolve: All rows and columns removed

Explored 0 nodes (0 simplex iterations) in 0.01 seconds
Thread count was 1 (of 8 available processors)

Solution count 1: 0 

Optimal solution found (tolerance 1.00e-04)
Best objective 0.000000000000e+00, best bound 0.000000000000e+00, gap 0.0000%

Gurobi 8.1.1 (win64, Python) logging started 11/21/19 15:56:43

Academic license - for non-commercial use only
Optimize a model with 690 rows, 414 columns and 14496 nonzeros
Variable types: 276 continuous, 138 integer (138 binary)
Coefficient statistics:
  Matrix range     [4e-05, 2e+04]
  Objective range  [0e+00, 0e+00]
  Bounds range     [1e+00, 2e+03]
  RHS range        [4e-03, 2e+04]
Presolve removed 690 rows and 414 columns
Presolve time: 0.00s
Presolve: All rows and columns removed

Explored 0 nodes (0 simplex iterations) in 0.01 seconds
Thread count was 1 (of 8 available processors)

Solution count 1: 0 

Optimal solution found (tolerance 1.00e-04)
Best objective 0.000000000000e+00, best bound 0.000000000000e+00, gap 0.0000%

Gurobi 8.1.1 (win64, Python) logging started 11/21/19 15:59:27

Academic license - for non-commercial use only
Optimize a model with 690 rows, 414 columns and 14496 nonzeros
Variable types: 276 continuous, 138 integer (138 binary)
Coefficient statistics:
  Matrix range     [5e-06, 2e+04]
  Objective range  [0e+00, 0e+00]
  Bounds range     [1e+00, 2e+03]
  RHS range        [2e-04, 2e+04]
Presolve removed 690 rows and 414 columns
Presolve time: 0.00s
Presolve: All rows and columns removed

Explored 0 nodes (0 simplex iterations) in 0.01 seconds
Thread count was 1 (of 8 available processors)

Solution count 1: 0 

Optimal solution found (tolerance 1.00e-04)
Best objective 0.000000000000e+00, best bound 0.000000000000e+00, gap 0.0000%

Gurobi 8.1.1 (win64, Python) logging started 11/21/19 16:02:52

Academic license - for non-commercial use only
Optimize a model with 690 rows, 414 columns and 14496 nonzeros
Variable types: 276 continuous, 138 integer (138 binary)
Coefficient statistics:
  Matrix range     [5e-05, 2e+04]
  Objective range  [0e+00, 0e+00]
  Bounds range     [1e+00, 2e+03]
  RHS range        [3e-04, 2e+04]
Presolve removed 690 rows and 414 columns
Presolve time: 0.00s
Presolve: All rows and columns removed

Explored 0 nodes (0 simplex iterations) in 0.01 seconds
Thread count was 1 (of 8 available processors)

Solution count 1: 0 

Optimal solution found (tolerance 1.00e-04)
Best objective 0.000000000000e+00, best bound 0.000000000000e+00, gap 0.0000%
